2016-06-26 11:03:46,208 [INFO ][apr-8080-exec-23][institutemanager.controller.StudentController] - show student from group. id=allGroup
2016-06-26 11:03:47,432 [INFO ][apr-8080-exec-30][institutemanager.controller.StudentController] - show student from group. id=allGroup
2016-06-26 11:03:48,710 [INFO ][apr-8080-exec-28][institutemanager.controller.StudentController] - show student from group. id=allGroup
2016-06-26 11:03:56,882 [INFO ][apr-8080-exec-22][institutemanager.controller.StudentController] - show student from group. id=allGroup
2016-06-26 11:03:57,171 [INFO ][apr-8080-exec-26][institutemanager.controller.StudentController] - show student from group. id=allGroup
2016-06-26 11:03:57,426 [INFO ][apr-8080-exec-21][institutemanager.controller.StudentController] - show student from group. id=allGroup
2016-06-26 11:03:57,665 [INFO ][apr-8080-exec-29][institutemanager.controller.StudentController] - show student from group. id=allGroup
2016-06-26 11:03:57,909 [INFO ][apr-8080-exec-25][institutemanager.controller.StudentController] - show student from group. id=allGroup
2016-06-26 11:03:58,139 [INFO ][apr-8080-exec-31][institutemanager.controller.StudentController] - show student from group. id=allGroup
2016-06-26 11:03:58,510 [INFO ][apr-8080-exec-27][institutemanager.controller.StudentController] - show student from group. id=allGroup
2016-06-26 11:03:58,801 [INFO ][apr-8080-exec-23][institutemanager.controller.StudentController] - show student from group. id=allGroup
2016-06-26 11:03:58,999 [INFO ][apr-8080-exec-32][institutemanager.controller.StudentController] - show student from group. id=allGroup
2016-06-26 11:04:11,714 [INFO ][apr-8080-exec-33][institutemanager.controller.StudentController] - show student from group. id=allGroup
2016-06-26 11:04:12,007 [INFO ][apr-8080-exec-34][institutemanager.controller.StudentController] - show student from group. id=allGroup
2016-06-26 11:04:12,211 [INFO ][apr-8080-exec-26][institutemanager.controller.StudentController] - show student from group. id=allGroup
2016-06-26 11:04:12,564 [INFO ][apr-8080-exec-21][institutemanager.controller.StudentController] - show student from group. id=allGroup
2016-06-26 11:04:12,744 [INFO ][apr-8080-exec-29][institutemanager.controller.StudentController] - show student from group. id=allGroup
2016-06-26 11:04:13,156 [INFO ][apr-8080-exec-35][institutemanager.controller.StudentController] - show student from group. id=allGroup
2016-06-26 11:04:13,476 [INFO ][apr-8080-exec-31][institutemanager.controller.StudentController] - show student from group. id=allGroup
2016-06-26 11:04:13,842 [INFO ][apr-8080-exec-27][institutemanager.controller.StudentController] - show student from group. id=allGroup
2016-06-26 11:04:14,145 [INFO ][apr-8080-exec-23][institutemanager.controller.StudentController] - show student from group. id=allGroup
2016-06-26 11:04:14,555 [INFO ][apr-8080-exec-32][institutemanager.controller.StudentController] - show student from group. id=allGroup
2016-06-26 11:04:14,964 [INFO ][apr-8080-exec-33][institutemanager.controller.StudentController] - show student from group. id=allGroup
2016-06-26 11:04:15,303 [INFO ][apr-8080-exec-34][institutemanager.controller.StudentController] - show student from group. id=allGroup
2016-06-26 11:04:15,669 [INFO ][apr-8080-exec-36][institutemanager.controller.StudentController] - show student from group. id=allGroup
2016-06-26 11:04:15,958 [INFO ][apr-8080-exec-21][institutemanager.controller.StudentController] - show student from group. id=allGroup
2016-06-26 11:04:16,318 [INFO ][apr-8080-exec-29][institutemanager.controller.StudentController] - show student from group. id=allGroup
2016-06-26 11:04:16,637 [INFO ][apr-8080-exec-35][institutemanager.controller.StudentController] - show student from group. id=allGroup
2016-06-26 11:04:16,963 [INFO ][apr-8080-exec-31][institutemanager.controller.StudentController] - show student from group. id=allGroup
2016-06-26 11:04:17,328 [INFO ][apr-8080-exec-37][institutemanager.controller.StudentController] - show student from group. id=allGroup
2016-06-26 11:04:17,705 [INFO ][apr-8080-exec-23][institutemanager.controller.StudentController] - show student from group. id=allGroup
2016-06-26 11:04:18,003 [INFO ][apr-8080-exec-32][institutemanager.controller.StudentController] - show student from group. id=allGroup
2016-06-26 11:04:18,346 [INFO ][apr-8080-exec-33][institutemanager.controller.StudentController] - show student from group. id=allGroup
2016-06-26 11:04:18,674 [INFO ][apr-8080-exec-34][institutemanager.controller.StudentController] - show student from group. id=allGroup
2016-06-26 11:04:19,018 [INFO ][apr-8080-exec-36][institutemanager.controller.StudentController] - show student from group. id=allGroup
2016-06-26 11:04:19,339 [INFO ][apr-8080-exec-38][institutemanager.controller.StudentController] - show student from group. id=allGroup
2016-06-26 11:04:19,682 [INFO ][apr-8080-exec-29][institutemanager.controller.StudentController] - show student from group. id=allGroup
2016-06-26 11:04:20,011 [INFO ][apr-8080-exec-35][institutemanager.controller.StudentController] - show student from group. id=allGroup
2016-06-26 11:04:20,305 [INFO ][apr-8080-exec-31][institutemanager.controller.StudentController] - show student from group. id=allGroup
2016-06-26 11:04:20,636 [INFO ][apr-8080-exec-37][institutemanager.controller.StudentController] - show student from group. id=allGroup
2016-06-26 11:04:21,003 [INFO ][apr-8080-exec-39][institutemanager.controller.StudentController] - show student from group. id=allGroup
2016-06-26 11:04:21,346 [INFO ][apr-8080-exec-32][institutemanager.controller.StudentController] - show student from group. id=allGroup
2016-06-26 11:04:21,638 [INFO ][apr-8080-exec-33][institutemanager.controller.StudentController] - show student from group. id=allGroup
2016-06-26 11:04:22,095 [INFO ][apr-8080-exec-34][institutemanager.controller.StudentController] - show student from group. id=allGroup
2016-06-26 11:04:22,284 [INFO ][apr-8080-exec-36][institutemanager.controller.StudentController] - show student from group. id=allGroup
2016-06-26 11:04:22,563 [INFO ][apr-8080-exec-38][institutemanager.controller.StudentController] - show student from group. id=allGroup
2016-06-26 11:04:22,939 [INFO ][apr-8080-exec-40][institutemanager.controller.StudentController] - show student from group. id=allGroup
2016-06-26 11:04:23,210 [INFO ][apr-8080-exec-35][institutemanager.controller.StudentController] - show student from group. id=allGroup
2016-06-26 11:04:23,527 [INFO ][apr-8080-exec-31][institutemanager.controller.StudentController] - show student from group. id=allGroup
2016-06-26 11:04:23,765 [INFO ][apr-8080-exec-37][institutemanager.controller.StudentController] - show student from group. id=allGroup
2016-06-26 11:04:24,109 [INFO ][apr-8080-exec-39][institutemanager.controller.StudentController] - show student from group. id=allGroup
2016-06-26 11:04:24,318 [INFO ][apr-8080-exec-32][institutemanager.controller.StudentController] - show student from group. id=allGroup
2016-06-26 11:04:24,606 [INFO ][apr-8080-exec-33][institutemanager.controller.StudentController] - show student from group. id=allGroup
2016-06-26 11:04:24,896 [INFO ][apr-8080-exec-34][institutemanager.controller.StudentController] - show student from group. id=allGroup
2016-06-26 11:04:25,202 [INFO ][apr-8080-exec-36][institutemanager.controller.StudentController] - show student from group. id=allGroup
2016-06-26 11:04:25,476 [INFO ][apr-8080-exec-38][institutemanager.controller.StudentController] - show student from group. id=allGroup
2016-06-26 11:04:25,747 [INFO ][apr-8080-exec-40][institutemanager.controller.StudentController] - show student from group. id=allGroup
2016-06-26 11:04:26,021 [INFO ][apr-8080-exec-35][institutemanager.controller.StudentController] - show student from group. id=allGroup
2016-06-26 11:04:26,288 [INFO ][apr-8080-exec-31][institutemanager.controller.StudentController] - show student from group. id=allGroup
2016-06-26 11:04:26,570 [INFO ][apr-8080-exec-37][institutemanager.controller.StudentController] - show student from group. id=allGroup
2016-06-26 11:04:26,864 [INFO ][apr-8080-exec-39][institutemanager.controller.StudentController] - show student from group. id=allGroup
2016-06-26 11:04:27,146 [INFO ][apr-8080-exec-32][institutemanager.controller.StudentController] - show student from group. id=allGroup
2016-06-26 11:04:27,481 [INFO ][apr-8080-exec-33][institutemanager.controller.StudentController] - show student from group. id=allGroup
2016-06-26 11:04:27,768 [INFO ][apr-8080-exec-34][institutemanager.controller.StudentController] - show student from group. id=allGroup
2016-06-26 11:04:27,999 [INFO ][apr-8080-exec-36][institutemanager.controller.StudentController] - show student from group. id=allGroup
2016-06-26 11:04:28,284 [INFO ][apr-8080-exec-38][institutemanager.controller.StudentController] - show student from group. id=allGroup
2016-06-26 11:04:28,535 [INFO ][apr-8080-exec-40][institutemanager.controller.StudentController] - show student from group. id=allGroup
2016-06-26 11:04:28,792 [INFO ][apr-8080-exec-35][institutemanager.controller.StudentController] - show student from group. id=allGroup
2016-06-26 11:04:29,091 [INFO ][apr-8080-exec-31][institutemanager.controller.StudentController] - show student from group. id=allGroup
2016-06-26 11:04:29,340 [INFO ][apr-8080-exec-37][institutemanager.controller.StudentController] - show student from group. id=allGroup
2016-06-26 11:04:29,593 [INFO ][apr-8080-exec-39][institutemanager.controller.StudentController] - show student from group. id=allGroup
2016-06-26 11:04:29,856 [INFO ][apr-8080-exec-32][institutemanager.controller.StudentController] - show student from group. id=allGroup
2016-06-26 11:04:30,105 [INFO ][apr-8080-exec-33][institutemanager.controller.StudentController] - show student from group. id=allGroup
2016-06-26 11:04:30,394 [INFO ][apr-8080-exec-34][institutemanager.controller.StudentController] - show student from group. id=allGroup
2016-06-26 11:04:46,499 [INFO ][apr-8080-exec-36][institutemanager.controller.StudentController] - show student from group. id=allGroup
2016-06-26 11:04:47,138 [INFO ][apr-8080-exec-38][institutemanager.controller.StudentController] - show student from group. id=allGroup
2016-06-26 11:04:47,698 [INFO ][apr-8080-exec-40][institutemanager.controller.StudentController] - show student from group. id=allGroup
2016-06-26 11:04:48,371 [INFO ][apr-8080-exec-35][institutemanager.controller.StudentController] - show student from group. id=allGroup
2016-06-26 11:04:49,151 [INFO ][apr-8080-exec-31][institutemanager.controller.StudentController] - show student from group. id=allGroup
2016-06-26 11:04:49,881 [INFO ][apr-8080-exec-37][institutemanager.controller.StudentController] - show student from group. id=allGroup
2016-06-26 11:04:58,242 [INFO ][apr-8080-exec-39][institutemanager.controller.StudentController] - show student from group. id=allGroup
2016-06-26 11:04:59,214 [INFO ][apr-8080-exec-32][institutemanager.controller.StudentController] - show student from group. id=allGroup
2016-06-26 11:04:59,241 [INFO ][apr-8080-exec-33][institutemanager.controller.StudentController] - show student from group. id=allGroup
2016-06-26 11:04:59,921 [INFO ][apr-8080-exec-34][institutemanager.controller.StudentController] - show student from group. id=allGroup
2016-06-26 11:05:00,210 [INFO ][apr-8080-exec-36][institutemanager.controller.StudentController] - show student from group. id=allGroup
2016-06-26 11:05:11,034 [INFO ][apr-8080-exec-38][institutemanager.controller.StudentController] - show student from group. id=allGroup
2016-06-26 11:05:11,254 [INFO ][apr-8080-exec-40][institutemanager.controller.StudentController] - show student from group. id=allGroup
2016-06-26 11:05:11,622 [INFO ][apr-8080-exec-35][institutemanager.controller.StudentController] - show student from group. id=allGroup
2016-06-26 11:05:11,684 [INFO ][apr-8080-exec-31][institutemanager.controller.StudentController] - show student from group. id=allGroup
2016-06-26 11:05:12,416 [INFO ][apr-8080-exec-37][institutemanager.controller.StudentController] - show student from group. id=allGroup
2016-06-26 11:05:12,797 [INFO ][apr-8080-exec-39][institutemanager.controller.StudentController] - show student from group. id=allGroup
2016-06-26 11:05:13,025 [INFO ][apr-8080-exec-32][institutemanager.controller.StudentController] - show student from group. id=allGroup
2016-06-26 11:05:13,282 [INFO ][apr-8080-exec-33][institutemanager.controller.StudentController] - show student from group. id=allGroup
2016-06-26 11:05:13,607 [INFO ][apr-8080-exec-34][institutemanager.controller.StudentController] - show student from group. id=allGroup
2016-06-26 11:05:13,780 [INFO ][apr-8080-exec-36][institutemanager.controller.StudentController] - show student from group. id=allGroup
2016-06-26 11:05:13,978 [INFO ][apr-8080-exec-38][institutemanager.controller.StudentController] - show student from group. id=allGroup
2016-06-26 11:05:14,183 [INFO ][apr-8080-exec-40][institutemanager.controller.StudentController] - show student from group. id=allGroup
2016-06-26 11:05:14,609 [INFO ][apr-8080-exec-35][institutemanager.controller.StudentController] - show student from group. id=allGroup
2016-06-26 11:05:14,925 [INFO ][apr-8080-exec-31][institutemanager.controller.StudentController] - show student from group. id=allGroup
2016-06-26 11:05:15,619 [INFO ][apr-8080-exec-37][institutemanager.controller.StudentController] - show student from group. id=allGroup
2016-06-26 11:05:16,128 [INFO ][apr-8080-exec-32][institutemanager.controller.StudentController] - show student from group. id=allGroup
2016-06-26 11:05:16,439 [INFO ][apr-8080-exec-34][institutemanager.controller.StudentController] - show student from group. id=allGroup
2016-06-26 11:05:16,607 [INFO ][apr-8080-exec-36][institutemanager.controller.StudentController] - show student from group. id=allGroup
2016-06-26 11:05:16,816 [INFO ][apr-8080-exec-38][institutemanager.controller.StudentController] - show student from group. id=allGroup
2016-06-26 11:05:17,032 [INFO ][apr-8080-exec-40][institutemanager.controller.StudentController] - show student from group. id=allGroup
2016-06-26 11:05:17,386 [INFO ][apr-8080-exec-35][institutemanager.controller.StudentController] - show student from group. id=allGroup
2016-06-26 11:05:17,560 [INFO ][apr-8080-exec-31][institutemanager.controller.StudentController] - show student from group. id=allGroup
2016-06-26 11:05:17,756 [INFO ][apr-8080-exec-37][institutemanager.controller.StudentController] - show student from group. id=allGroup
2016-06-26 11:05:17,952 [INFO ][apr-8080-exec-39][institutemanager.controller.StudentController] - show student from group. id=allGroup
2016-06-26 11:05:18,144 [INFO ][apr-8080-exec-32][institutemanager.controller.StudentController] - show student from group. id=allGroup
2016-06-26 11:05:18,384 [INFO ][apr-8080-exec-33][institutemanager.controller.StudentController] - show student from group. id=allGroup
2016-06-26 11:05:18,559 [INFO ][apr-8080-exec-34][institutemanager.controller.StudentController] - show student from group. id=allGroup
2016-06-26 11:05:18,851 [INFO ][apr-8080-exec-36][institutemanager.controller.StudentController] - show student from group. id=allGroup
2016-06-26 11:05:19,156 [INFO ][apr-8080-exec-38][institutemanager.controller.StudentController] - show student from group. id=allGroup
2016-06-26 11:05:19,546 [INFO ][apr-8080-exec-40][institutemanager.controller.StudentController] - show student from group. id=allGroup
2016-06-26 11:05:19,894 [INFO ][apr-8080-exec-35][institutemanager.controller.StudentController] - show student from group. id=allGroup
2016-06-26 11:05:20,258 [INFO ][apr-8080-exec-31][institutemanager.controller.StudentController] - show student from group. id=allGroup
2016-06-26 11:05:20,525 [INFO ][apr-8080-exec-37][institutemanager.controller.StudentController] - show student from group. id=allGroup
2016-06-26 11:05:20,904 [INFO ][apr-8080-exec-39][institutemanager.controller.StudentController] - show student from group. id=allGroup
2016-06-26 11:05:21,138 [INFO ][apr-8080-exec-32][institutemanager.controller.StudentController] - show student from group. id=allGroup
2016-06-26 11:05:21,527 [INFO ][apr-8080-exec-33][institutemanager.controller.StudentController] - show student from group. id=allGroup
2016-06-26 11:05:21,690 [INFO ][apr-8080-exec-34][institutemanager.controller.StudentController] - show student from group. id=allGroup
2016-06-26 11:05:21,881 [INFO ][apr-8080-exec-36][institutemanager.controller.StudentController] - show student from group. id=allGroup
2016-06-26 11:05:22,092 [INFO ][apr-8080-exec-38][institutemanager.controller.StudentController] - show student from group. id=allGroup
2016-06-26 11:05:22,277 [INFO ][apr-8080-exec-40][institutemanager.controller.StudentController] - show student from group. id=allGroup
2016-06-26 11:05:22,521 [INFO ][apr-8080-exec-35][institutemanager.controller.StudentController] - show student from group. id=allGroup
2016-06-26 11:05:22,839 [INFO ][apr-8080-exec-31][institutemanager.controller.StudentController] - show student from group. id=allGroup
2016-06-26 11:05:23,047 [INFO ][apr-8080-exec-37][institutemanager.controller.StudentController] - show student from group. id=allGroup
2016-06-26 11:05:23,269 [INFO ][apr-8080-exec-39][institutemanager.controller.StudentController] - show student from group. id=allGroup
2016-06-26 11:05:23,628 [INFO ][apr-8080-exec-32][institutemanager.controller.StudentController] - show student from group. id=allGroup
2016-06-26 11:05:23,999 [INFO ][apr-8080-exec-33][institutemanager.controller.StudentController] - show student from group. id=allGroup
2016-06-26 11:05:24,328 [INFO ][apr-8080-exec-34][institutemanager.controller.StudentController] - show student from group. id=allGroup
2016-06-26 11:05:24,718 [INFO ][apr-8080-exec-36][institutemanager.controller.StudentController] - show student from group. id=allGroup
2016-06-26 11:05:25,059 [INFO ][apr-8080-exec-38][institutemanager.controller.StudentController] - show student from group. id=allGroup
2016-06-26 11:05:25,269 [INFO ][apr-8080-exec-40][institutemanager.controller.StudentController] - show student from group. id=allGroup
2016-06-26 11:05:25,508 [INFO ][apr-8080-exec-35][institutemanager.controller.StudentController] - show student from group. id=allGroup
2016-06-26 11:05:25,848 [INFO ][apr-8080-exec-31][institutemanager.controller.StudentController] - show student from group. id=allGroup
2016-06-26 11:05:26,041 [INFO ][apr-8080-exec-37][institutemanager.controller.StudentController] - show student from group. id=allGroup
2016-06-26 11:05:26,323 [INFO ][apr-8080-exec-39][institutemanager.controller.StudentController] - show student from group. id=allGroup
2016-06-26 11:05:26,695 [INFO ][apr-8080-exec-32][institutemanager.controller.StudentController] - show student from group. id=allGroup
2016-06-26 11:05:27,010 [INFO ][apr-8080-exec-33][institutemanager.controller.StudentController] - show student from group. id=allGroup
2016-06-26 11:05:27,227 [INFO ][apr-8080-exec-34][institutemanager.controller.StudentController] - show student from group. id=allGroup
2016-06-26 11:05:27,632 [INFO ][apr-8080-exec-36][institutemanager.controller.StudentController] - show student from group. id=allGroup
2016-06-26 11:05:27,908 [INFO ][apr-8080-exec-38][institutemanager.controller.StudentController] - show student from group. id=allGroup
2016-06-26 11:05:28,141 [INFO ][apr-8080-exec-40][institutemanager.controller.StudentController] - show student from group. id=allGroup
2016-06-26 11:05:28,308 [INFO ][apr-8080-exec-35][institutemanager.controller.StudentController] - show student from group. id=allGroup
2016-06-26 11:05:28,575 [INFO ][apr-8080-exec-31][institutemanager.controller.StudentController] - show student from group. id=allGroup
2016-06-26 11:05:28,777 [INFO ][apr-8080-exec-37][institutemanager.controller.StudentController] - show student from group. id=allGroup
2016-06-26 11:05:29,163 [INFO ][apr-8080-exec-39][institutemanager.controller.StudentController] - show student from group. id=allGroup
2016-06-26 11:05:29,364 [INFO ][apr-8080-exec-32][institutemanager.controller.StudentController] - show student from group. id=allGroup
2016-06-26 11:05:29,579 [INFO ][apr-8080-exec-33][institutemanager.controller.StudentController] - show student from group. id=allGroup
2016-06-26 11:05:29,843 [INFO ][apr-8080-exec-34][institutemanager.controller.StudentController] - show student from group. id=allGroup
2016-06-26 11:05:30,270 [INFO ][apr-8080-exec-36][institutemanager.controller.StudentController] - show student from group. id=allGroup
2016-06-26 11:05:30,654 [INFO ][apr-8080-exec-38][institutemanager.controller.StudentController] - show student from group. id=allGroup
2016-06-26 11:05:30,887 [INFO ][apr-8080-exec-40][institutemanager.controller.StudentController] - show student from group. id=allGroup
2016-06-26 11:05:31,114 [INFO ][apr-8080-exec-35][institutemanager.controller.StudentController] - show student from group. id=allGroup
2016-06-26 11:05:31,365 [INFO ][apr-8080-exec-31][institutemanager.controller.StudentController] - show student from group. id=allGroup
2016-06-26 11:05:31,674 [INFO ][apr-8080-exec-37][institutemanager.controller.StudentController] - show student from group. id=allGroup
2016-06-26 11:05:32,202 [INFO ][apr-8080-exec-39][institutemanager.controller.StudentController] - show student from group. id=allGroup
2016-06-26 11:05:32,517 [INFO ][apr-8080-exec-32][institutemanager.controller.StudentController] - show student from group. id=allGroup
2016-06-26 11:05:32,799 [INFO ][apr-8080-exec-33][institutemanager.controller.StudentController] - show student from group. id=allGroup
2016-06-26 11:05:33,199 [INFO ][apr-8080-exec-34][institutemanager.controller.StudentController] - show student from group. id=allGroup
2016-06-26 11:05:33,468 [INFO ][apr-8080-exec-36][institutemanager.controller.StudentController] - show student from group. id=allGroup
2016-06-26 11:05:33,722 [INFO ][apr-8080-exec-38][institutemanager.controller.StudentController] - show student from group. id=allGroup
2016-06-26 11:05:34,044 [INFO ][apr-8080-exec-40][institutemanager.controller.StudentController] - show student from group. id=allGroup
2016-06-26 11:05:34,370 [INFO ][apr-8080-exec-35][institutemanager.controller.StudentController] - show student from group. id=allGroup
2016-06-26 11:05:34,688 [INFO ][apr-8080-exec-31][institutemanager.controller.StudentController] - show student from group. id=allGroup
2016-06-26 11:05:34,903 [INFO ][apr-8080-exec-37][institutemanager.controller.StudentController] - show student from group. id=allGroup
2016-06-26 11:05:35,123 [INFO ][apr-8080-exec-39][institutemanager.controller.StudentController] - show student from group. id=allGroup
2016-06-26 11:05:35,339 [INFO ][apr-8080-exec-32][institutemanager.controller.StudentController] - show student from group. id=allGroup
2016-06-26 11:05:35,758 [INFO ][apr-8080-exec-33][institutemanager.controller.StudentController] - show student from group. id=allGroup
2016-06-26 11:05:35,956 [INFO ][apr-8080-exec-34][institutemanager.controller.StudentController] - show student from group. id=allGroup
2016-06-26 11:05:36,160 [INFO ][apr-8080-exec-36][institutemanager.controller.StudentController] - show student from group. id=allGroup
2016-06-26 11:05:36,380 [INFO ][apr-8080-exec-38][institutemanager.controller.StudentController] - show student from group. id=allGroup
2016-06-26 11:05:36,590 [INFO ][apr-8080-exec-40][institutemanager.controller.StudentController] - show student from group. id=allGroup
2016-06-26 11:05:36,810 [INFO ][apr-8080-exec-35][institutemanager.controller.StudentController] - show student from group. id=allGroup
2016-06-26 11:05:37,007 [INFO ][apr-8080-exec-31][institutemanager.controller.StudentController] - show student from group. id=allGroup
2016-06-26 11:05:37,277 [INFO ][apr-8080-exec-37][institutemanager.controller.StudentController] - show student from group. id=allGroup
2016-06-26 11:05:37,653 [INFO ][apr-8080-exec-39][institutemanager.controller.StudentController] - show student from group. id=allGroup
2016-06-26 11:05:37,881 [INFO ][apr-8080-exec-32][institutemanager.controller.StudentController] - show student from group. id=allGroup
2016-06-26 11:05:38,193 [INFO ][apr-8080-exec-33][institutemanager.controller.StudentController] - show student from group. id=allGroup
2016-06-26 11:05:38,422 [INFO ][apr-8080-exec-34][institutemanager.controller.StudentController] - show student from group. id=allGroup
2016-06-26 11:05:38,791 [INFO ][apr-8080-exec-36][institutemanager.controller.StudentController] - show student from group. id=allGroup
2016-06-26 11:05:39,064 [INFO ][apr-8080-exec-38][institutemanager.controller.StudentController] - show student from group. id=allGroup
2016-06-26 11:05:39,378 [INFO ][apr-8080-exec-40][institutemanager.controller.StudentController] - show student from group. id=allGroup
2016-06-26 11:05:39,574 [INFO ][apr-8080-exec-35][institutemanager.controller.StudentController] - show student from group. id=allGroup
2016-06-26 11:05:39,793 [INFO ][apr-8080-exec-31][institutemanager.controller.StudentController] - show student from group. id=allGroup
2016-06-26 11:05:40,016 [INFO ][apr-8080-exec-37][institutemanager.controller.StudentController] - show student from group. id=allGroup
2016-06-26 11:05:40,416 [INFO ][apr-8080-exec-39][institutemanager.controller.StudentController] - show student from group. id=allGroup
2016-06-26 11:05:40,640 [INFO ][apr-8080-exec-32][institutemanager.controller.StudentController] - show student from group. id=allGroup
2016-06-26 11:05:40,849 [INFO ][apr-8080-exec-33][institutemanager.controller.StudentController] - show student from group. id=allGroup
2016-06-26 11:05:41,145 [INFO ][apr-8080-exec-34][institutemanager.controller.StudentController] - show student from group. id=allGroup
2016-06-26 11:05:41,399 [INFO ][apr-8080-exec-36][institutemanager.controller.StudentController] - show student from group. id=allGroup
2016-06-26 11:05:41,605 [INFO ][apr-8080-exec-38][institutemanager.controller.StudentController] - show student from group. id=allGroup
2016-06-26 11:05:41,876 [INFO ][apr-8080-exec-40][institutemanager.controller.StudentController] - show student from group. id=allGroup
2016-06-26 11:05:42,266 [INFO ][apr-8080-exec-35][institutemanager.controller.StudentController] - show student from group. id=allGroup
2016-06-26 11:05:42,774 [INFO ][apr-8080-exec-31][institutemanager.controller.StudentController] - show student from group. id=allGroup
2016-06-26 11:09:36,182 [INFO ][on(15)-127.0.0.1][ua.shalimov.institutemanager.dao.DataAccess  ] - method getAllStudents
2016-06-26 11:09:36,718 [INFO ][on(15)-127.0.0.1][ua.shalimov.institutemanager.util.Parser     ] - get student list
2016-06-26 11:09:36,779 [INFO ][on(15)-127.0.0.1][ua.shalimov.institutemanager.util.Parser     ] - get group list
2016-06-26 11:09:50,085 [INFO ][apr-8080-exec-39][institutemanager.controller.StudentController] - show student from group. id=null
2016-06-26 11:09:58,588 [INFO ][apr-8080-exec-35][institutemanager.controller.StudentController] - add student. firstName=gg lastName=jj
2016-06-26 11:09:58,588 [INFO ][apr-8080-exec-35][ua.shalimov.institutemanager.dao.DataAccess  ] - add student. firstName=gg lastName=jj
2016-06-26 11:09:58,714 [INFO ][apr-8080-exec-35][ua.shalimov.institutemanager.dao.DataAccess  ] - method getAllStudents
2016-06-26 11:09:58,726 [INFO ][apr-8080-exec-35][ua.shalimov.institutemanager.util.Parser     ] - get student list
2016-06-26 11:09:58,741 [INFO ][apr-8080-exec-35][ua.shalimov.institutemanager.util.Parser     ] - get group list
2016-06-26 11:09:58,741 [INFO ][apr-8080-exec-35][ua.shalimov.institutemanager.dao.DataAccess  ] - change student groups id=19
2016-06-26 11:09:58,806 [INFO ][apr-8080-exec-35][ua.shalimov.institutemanager.dao.DataAccess  ] - method getAllStudents
2016-06-26 11:09:58,813 [INFO ][apr-8080-exec-35][ua.shalimov.institutemanager.util.Parser     ] - get student list
2016-06-26 11:09:58,830 [INFO ][apr-8080-exec-35][ua.shalimov.institutemanager.util.Parser     ] - get group list
2016-06-26 11:10:00,715 [INFO ][apr-8080-exec-34][institutemanager.controller.StudentController] - delete student. id=19
2016-06-26 11:10:00,716 [INFO ][apr-8080-exec-34][ua.shalimov.institutemanager.dao.DataAccess  ] - delete student. id=19
2016-06-26 11:10:00,981 [INFO ][apr-8080-exec-34][ua.shalimov.institutemanager.dao.DataAccess  ] - method getAllStudents
2016-06-26 11:10:01,015 [INFO ][apr-8080-exec-34][ua.shalimov.institutemanager.util.Parser     ] - get student list
2016-06-26 11:10:01,029 [INFO ][apr-8080-exec-34][ua.shalimov.institutemanager.util.Parser     ] - get group list
2016-06-26 12:02:01,938 [INFO ][on(18)-127.0.0.1][ua.shalimov.institutemanager.dao.DataAccess  ] - method getAllStudents
2016-06-26 12:02:02,256 [INFO ][on(18)-127.0.0.1][ua.shalimov.institutemanager.util.Parser     ] - get student list
2016-06-26 12:02:02,282 [INFO ][on(18)-127.0.0.1][ua.shalimov.institutemanager.util.Parser     ] - get group list
2016-06-26 12:02:33,685 [INFO ][apr-8080-exec-51][institutemanager.controller.StudentController] - show student from group. id=null
2016-06-26 12:02:38,880 [INFO ][apr-8080-exec-43][institutemanager.controller.StudentController] - show student from group. id=sortByFullName
2016-06-26 12:02:43,519 [INFO ][apr-8080-exec-49][institutemanager.controller.StudentController] - show student from group. id=sortById
2016-06-26 12:02:45,460 [INFO ][apr-8080-exec-44][institutemanager.controller.StudentController] - show student from group. id=sortById
2016-06-26 12:02:46,628 [INFO ][apr-8080-exec-50][institutemanager.controller.StudentController] - show student from group. id=sortById
2016-06-26 12:02:48,070 [INFO ][apr-8080-exec-46][institutemanager.controller.StudentController] - show student from group. id=sortById
2016-06-26 12:02:49,086 [INFO ][apr-8080-exec-42][institutemanager.controller.StudentController] - show student from group. id=sortById
2016-06-26 12:02:49,967 [INFO ][apr-8080-exec-48][institutemanager.controller.StudentController] - show student from group. id=sortByName
2016-06-26 12:02:50,779 [INFO ][apr-8080-exec-41][institutemanager.controller.StudentController] - show student from group. id=sortByLastName
2016-06-26 12:02:51,711 [INFO ][apr-8080-exec-45][institutemanager.controller.StudentController] - show student from group. id=sortById
2016-06-26 12:02:52,983 [INFO ][apr-8080-exec-51][institutemanager.controller.StudentController] - show student from group. id=sortByName
2016-06-26 12:02:53,803 [INFO ][apr-8080-exec-52][institutemanager.controller.StudentController] - show student from group. id=sortById
2016-06-26 12:05:03,141 [INFO ][on(21)-127.0.0.1][ua.shalimov.institutemanager.dao.DataAccess  ] - method getAllStudents
2016-06-26 12:05:03,538 [INFO ][on(21)-127.0.0.1][ua.shalimov.institutemanager.util.Parser     ] - get student list
2016-06-26 12:05:03,566 [INFO ][on(21)-127.0.0.1][ua.shalimov.institutemanager.util.Parser     ] - get group list
2016-06-26 12:06:57,933 [INFO ][apr-8080-exec-56][institutemanager.controller.StudentController] - show student from group. id=null
2016-06-26 12:07:00,268 [INFO ][apr-8080-exec-61][institutemanager.controller.StudentController] - show student from group. id=sortByFullName
2016-06-26 12:07:01,381 [INFO ][apr-8080-exec-62][institutemanager.controller.StudentController] - show student from group. id=sortById
2016-06-26 12:07:02,222 [INFO ][apr-8080-exec-56][institutemanager.controller.StudentController] - show student from group. id=sortById
2016-06-26 12:07:03,502 [INFO ][apr-8080-exec-61][institutemanager.controller.StudentController] - show student from group. id=sortByName
2016-06-26 12:07:04,270 [INFO ][apr-8080-exec-63][institutemanager.controller.StudentController] - show student from group. id=sortById
2016-06-26 12:07:05,860 [INFO ][apr-8080-exec-58][institutemanager.controller.StudentController] - show student from group. id=sortById
2016-06-26 12:07:26,815 [INFO ][on(24)-127.0.0.1][ua.shalimov.institutemanager.dao.DataAccess  ] - method getAllStudents
2016-06-26 12:07:27,117 [INFO ][on(24)-127.0.0.1][ua.shalimov.institutemanager.util.Parser     ] - get student list
2016-06-26 12:07:27,141 [INFO ][on(24)-127.0.0.1][ua.shalimov.institutemanager.util.Parser     ] - get group list
2016-06-26 12:07:55,278 [INFO ][apr-8080-exec-62][institutemanager.controller.StudentController] - show student from group. id=sortById
2016-06-26 12:08:02,830 [INFO ][apr-8080-exec-63][institutemanager.controller.StudentController] - show student from group. id=sortByFullName
2016-06-26 12:08:04,772 [INFO ][apr-8080-exec-57][institutemanager.controller.StudentController] - show student from group. id=sortById
2016-06-26 12:08:06,053 [INFO ][apr-8080-exec-53][institutemanager.controller.StudentController] - show student from group. id=sortByName
2016-06-26 12:08:07,097 [INFO ][apr-8080-exec-64][institutemanager.controller.StudentController] - show student from group. id=sortById
2016-06-26 12:08:11,316 [INFO ][apr-8080-exec-61][institutemanager.controller.StudentController] - show student from group. id=Math
2016-06-26 12:08:14,949 [INFO ][apr-8080-exec-59][institutemanager.controller.StudentController] - show student from group. id=sortById
2016-06-26 12:09:15,086 [INFO ][apr-8080-exec-67][institutemanager.controller.StudentController] - show student from group. id=sortById
2016-06-26 12:09:20,250 [INFO ][apr-8080-exec-69][institutemanager.controller.StudentController] - show student from group. id=sortByFullName
2016-06-26 12:09:20,982 [INFO ][apr-8080-exec-70][institutemanager.controller.StudentController] - show student from group. id=sortByLastName
2016-06-26 12:09:22,029 [INFO ][apr-8080-exec-71][institutemanager.controller.StudentController] - show student from group. id=sortByName
2016-06-26 12:09:22,841 [INFO ][apr-8080-exec-72][institutemanager.controller.StudentController] - show student from group. id=sortById
2016-06-26 12:09:27,499 [INFO ][apr-8080-exec-73][institutemanager.controller.StudentController] - show student from group. id=Football
2016-06-26 12:09:33,849 [INFO ][apr-8080-exec-74][institutemanager.controller.StudentController] - show student from group. id=sortByLastName
2016-06-26 13:14:09,789 [INFO ][apr-8080-exec-67][institutemanager.controller.StudentController] - show student from group. id=null
2016-06-26 13:14:11,637 [INFO ][apr-8080-exec-69][institutemanager.controller.StudentController] - show student from group. id=sortById
2016-06-26 13:14:12,778 [INFO ][apr-8080-exec-70][institutemanager.controller.StudentController] - show student from group. id=sortByName
2016-06-26 13:14:13,298 [INFO ][apr-8080-exec-71][institutemanager.controller.StudentController] - show student from group. id=sortByLastName
2016-06-26 13:14:13,784 [INFO ][apr-8080-exec-72][institutemanager.controller.StudentController] - show student from group. id=sortByFullName
2016-06-26 13:18:08,270 [INFO ][on(27)-127.0.0.1][ua.shalimov.institutemanager.dao.DataAccess  ] - method getAllStudents
2016-06-26 13:18:08,909 [INFO ][on(27)-127.0.0.1][ua.shalimov.institutemanager.util.Parser     ] - get student list
2016-06-26 13:18:08,946 [INFO ][on(27)-127.0.0.1][ua.shalimov.institutemanager.util.Parser     ] - get group list
2016-06-26 13:18:14,674 [INFO ][apr-8080-exec-72][institutemanager.controller.StudentController] - show student from group. id=null
2016-06-26 13:18:16,681 [INFO ][apr-8080-exec-67][institutemanager.controller.StudentController] - show student from group. id=sortById
2016-06-26 13:18:17,855 [INFO ][apr-8080-exec-71][institutemanager.controller.StudentController] - show student from group. id=sortByName
2016-06-26 13:20:53,635 [INFO ][apr-8080-exec-78][institutemanager.controller.StudentController] - show student from group. id=null
2016-06-26 13:21:12,184 [INFO ][on(30)-127.0.0.1][ua.shalimov.institutemanager.dao.DataAccess  ] - method getAllStudents
2016-06-26 13:21:12,511 [INFO ][on(30)-127.0.0.1][ua.shalimov.institutemanager.util.Parser     ] - get student list
2016-06-26 13:21:12,545 [INFO ][on(30)-127.0.0.1][ua.shalimov.institutemanager.util.Parser     ] - get group list
2016-06-26 13:21:22,517 [INFO ][apr-8080-exec-82][institutemanager.controller.StudentController] - show student from group. id=null
2016-06-26 13:21:22,959 [INFO ][apr-8080-exec-78][institutemanager.controller.StudentController] - show student from group. id=null
2016-06-26 13:21:36,962 [INFO ][apr-8080-exec-87][institutemanager.controller.StudentController] - show student from group. id=null
2016-06-26 13:23:13,311 [INFO ][on(33)-127.0.0.1][ua.shalimov.institutemanager.dao.DataAccess  ] - method getAllStudents
2016-06-26 13:23:13,615 [INFO ][on(33)-127.0.0.1][ua.shalimov.institutemanager.util.Parser     ] - get student list
2016-06-26 13:23:13,644 [INFO ][on(33)-127.0.0.1][ua.shalimov.institutemanager.util.Parser     ] - get group list
